<?xml version="1.0" encoding="UTF-8"?>
<robot generator="Robot 6.0.2 (Python 3.10.2 on darwin)" generated="20230323 15:48:43.042" rpa="false" schemaversion="3">
<suite id="s1" name="Prova" source="/Users/kevinpretell/Desktop/people-classification/Testing/prova.robot">
<test id="s1-t1" name="Prova selenium - predizione donna" line="7">
<kw name="Evaluate" library="BuiltIn">
<var>${chrome_options}</var>
<arg>sys.modules['selenium.webdriver'].ChromeOptions()</arg>
<arg>sys, selenium.webdriver</arg>
<doc>Evaluates the given expression in Python and returns the result.</doc>
<msg timestamp="20230323 15:48:43.126" level="INFO">${chrome_options} = &lt;selenium.webdriver.chrome.options.Options object at 0x104b60520&gt;</msg>
<status status="PASS" starttime="20230323 15:48:43.126" endtime="20230323 15:48:43.127"/>
</kw>
<kw name="Call Method" library="BuiltIn">
<arg>${chrome_options}</arg>
<arg>add_argument</arg>
<arg>--use-fake-ui-for-media-stream</arg>
<doc>Calls the named method of the given object with the provided arguments.</doc>
<status status="PASS" starttime="20230323 15:48:43.127" endtime="20230323 15:48:43.127"/>
</kw>
<kw name="Call Method" library="BuiltIn">
<arg>${chrome_options}</arg>
<arg>add_argument</arg>
<arg>--use-fake-device-for-media-stream</arg>
<doc>Calls the named method of the given object with the provided arguments.</doc>
<status status="PASS" starttime="20230323 15:48:43.127" endtime="20230323 15:48:43.127"/>
</kw>
<kw name="Create Webdriver" library="Selenium2Library">
<arg>Chrome</arg>
<arg>alias=tab1</arg>
<arg>chrome_options=${chrome_options}</arg>
<doc>Creates an instance of Selenium WebDriver.</doc>
<msg timestamp="20230323 15:48:43.128" level="INFO">Creating an instance of the Chrome WebDriver.</msg>
<status status="PASS" starttime="20230323 15:48:43.127" endtime="20230323 15:48:50.854"/>
</kw>
<kw name="Open Browser" library="Selenium2Library">
<arg>http://127.0.0.1:5500/UI+CNN/index.html</arg>
<arg>chrome</arg>
<doc>Opens a new browser instance to the optional ``url``.</doc>
<msg timestamp="20230323 15:48:50.856" level="INFO">Opening browser 'chrome' to base url 'http://127.0.0.1:5500/UI+CNN/index.html'.</msg>
<status status="PASS" starttime="20230323 15:48:50.855" endtime="20230323 15:49:07.202"/>
</kw>
<kw name="Choose File" library="Selenium2Library">
<arg>id=upload</arg>
<arg>/Users/kevinpretell/Downloads/img_60b96b80770157-57156138-83946253.JPG</arg>
<doc>Inputs the ``file_path`` into the file input field ``locator``.</doc>
<msg timestamp="20230323 15:49:07.204" level="INFO">Sending /Users/kevinpretell/Downloads/img_60b96b80770157-57156138-83946253.JPG to browser.</msg>
<status status="PASS" starttime="20230323 15:49:07.203" endtime="20230323 15:49:07.352"/>
</kw>
<kw name="Click Button" library="Selenium2Library">
<arg>id=predict</arg>
<doc>Clicks the button identified by ``locator``.</doc>
<msg timestamp="20230323 15:49:07.352" level="INFO">Clicking button 'id=predict'.</msg>
<status status="PASS" starttime="20230323 15:49:07.352" endtime="20230323 15:49:11.258"/>
</kw>
<kw name="Wait Until Page Contains" library="Selenium2Library">
<arg>Donna</arg>
<doc>Waits until ``text`` appears on the current page.</doc>
<status status="PASS" starttime="20230323 15:49:11.259" endtime="20230323 15:49:11.511"/>
</kw>
<kw name="Sleep" library="BuiltIn">
<arg>10s</arg>
<doc>Pauses the test executed for the given time.</doc>
<msg timestamp="20230323 15:49:21.514" level="INFO">Slept 10 seconds</msg>
<status status="PASS" starttime="20230323 15:49:11.511" endtime="20230323 15:49:21.515"/>
</kw>
<status status="PASS" starttime="20230323 15:48:43.125" endtime="20230323 15:49:21.516"/>
</test>
<status status="PASS" starttime="20230323 15:48:43.044" endtime="20230323 15:49:21.519"/>
</suite>
<statistics>
<total>
<stat pass="1" fail="0" skip="0">All Tests</stat>
</total>
<tag>
</tag>
<suite>
<stat pass="1" fail="0" skip="0" id="s1" name="Prova">Prova</stat>
</suite>
</statistics>
<errors>
</errors>
</robot>
